[1013/183028.723:ERROR:directory_reader_win.cc(43)] FindFirstFile: The system cannot find the path specified. (0x3)
[1022/062917.638:ERROR:directory_reader_win.cc(43)] FindFirstFile: The system cannot find the path specified. (0x3)
[1026/145855.831:ERROR:settings.cc(320)] Settings magic is not 1129342067
[1026/103631.816:ERROR:directory_reader_win.cc(43)] FindFirstFile: The system cannot find the path specified. (0x3)
[1029/210222.016:ERROR:directory_reader_win.cc(43)] FindFirstFile: The system cannot find the path specified. (0x3)
[1105/144339.223:ERROR:directory_reader_win.cc(43)] FindFirstFile: The system cannot find the path specified. (0x3)
[1105/171412.382:ERROR:process_memory_win.cc(73)] ReadMemory at 0x7ff6e3200000 of 64 bytes failed: Only part of a ReadProcessMemory or WriteProcessMemory request was completed. (0x12B)
[1105/171413.293:WARNING:pe_image_reader.cc(340)] could not read dos header from C:\Program Files\Google\Chrome\Application\chrome.exe
[1105/171413.293:ERROR:process_memory_win.cc(73)] ReadMemory at 0x7fffadb50000 of 64 bytes failed: Only part of a ReadProcessMemory or WriteProcessMemory request was completed. (0x12B)
[1105/171413.293:WARNING:pe_image_reader.cc(340)] could not read dos header from C:\Windows\SYSTEM32\ntdll.dll
[1105/171413.293:ERROR:process_memory_win.cc(73)] ReadMemory at 0x7fffad480000 of 64 bytes failed: Only part of a ReadProcessMemory or WriteProcessMemory request was completed. (0x12B)
[1105/171413.293:WARNING:pe_image_reader.cc(340)] could not read dos header from C:\Windows\System32\KERNEL32.DLL
[1105/171413.293:ERROR:process_memory_win.cc(73)] ReadMemory at 0x7fffab7c0000 of 64 bytes failed: Only part of a ReadProcessMemory or WriteProcessMemory request was completed. (0x12B)
[1105/171413.293:WARNING:pe_image_reader.cc(340)] could not read dos header from C:\Windows\System32\KERNELBASE.dll
[1105/171413.293:ERROR:process_memory_win.cc(73)] ReadMemory at 0x7fff72ee0000 of 64 bytes failed: Only part of a ReadProcessMemory or WriteProcessMemory request was completed. (0x12B)
[1105/171413.293:WARNING:pe_image_reader.cc(340)] could not read dos header from C:\Program Files\Google\Chrome\Application\86.0.4240.183\chrome_elf.dll
[1105/171413.293:ERROR:process_memory_win.cc(73)] ReadMemory at 0x7fff9e860000 of 64 bytes failed: Only part of a ReadProcessMemory or WriteProcessMemory request was completed. (0x12B)
[1105/171413.293:WARNING:pe_image_reader.cc(340)] could not read dos header from C:\Windows\SYSTEM32\VERSION.dll
[1105/171413.293:ERROR:process_memory_win.cc(73)] ReadMemory at 0x7fffac310000 of 64 bytes failed: Only part of a ReadProcessMemory or WriteProcessMemory request was completed. (0x12B)
[1105/171413.293:WARNING:pe_image_reader.cc(340)] could not read dos header from C:\Windows\System32\msvcrt.dll
[1105/171413.293:ERROR:process_memory_win.cc(73)] ReadMemory at 0x7fffabc20000 of 64 bytes failed: Only part of a ReadProcessMemory or WriteProcessMemory request was completed. (0x12B)
[1105/171413.293:WARNING:pe_image_reader.cc(340)] could not read dos header from C:\Windows\System32\ADVAPI32.dll
[1105/171413.297:ERROR:process_memory_win.cc(73)] ReadMemory at 0x7fffabd00000 of 64 bytes failed: Only part of a ReadProcessMemory or WriteProcessMemory request was completed. (0x12B)
[1105/171413.297:WARNING:pe_image_reader.cc(340)] could not read dos header from C:\Windows\System32\sechost.dll
[1105/171413.297:ERROR:process_memory_win.cc(73)] ReadMemory at 0x7fffabda0000 of 64 bytes failed: Only part of a ReadProcessMemory or WriteProcessMemory request was completed. (0x12B)
[1105/171413.297:WARNING:pe_image_reader.cc(340)] could not read dos header from C:\Windows\System32\RPCRT4.dll
[1105/171413.297:ERROR:process_memory_win.cc(73)] ReadMemory at 0x7fff57bd0000 of 64 bytes failed: Only part of a ReadProcessMemory or WriteProcessMemory request was completed. (0x12B)
[1105/171413.297:WARNING:pe_image_reader.cc(340)] could not read dos header from C:\Program Files\Google\Chrome\Application\86.0.4240.183\chrome.dll
[1105/171413.297:ERROR:process_memory_win.cc(73)] ReadMemory at 0x7fffacba0000 of 64 bytes failed: Only part of a ReadProcessMemory or WriteProcessMemory request was completed. (0x12B)
[1105/171413.297:WARNING:pe_image_reader.cc(340)] could not read dos header from C:\Windows\System32\WS2_32.dll
[1105/171413.297:ERROR:process_memory_win.cc(73)] ReadMemory at 0x7fffac240000 of 64 bytes failed: Only part of a ReadProcessMemory or WriteProcessMemory request was completed. (0x12B)
[1105/171413.297:WARNING:pe_image_reader.cc(340)] could not read dos header from C:\Windows\System32\OLEAUT32.dll
[1105/171413.297:ERROR:process_memory_win.cc(73)] ReadMemory at 0x7fffab4b0000 of 64 bytes failed: Only part of a ReadProcessMemory or WriteProcessMemory request was completed. (0x12B)
[1105/171413.297:WARNING:pe_image_reader.cc(340)] could not read dos header from C:\Windows\System32\msvcp_win.dll
[1105/171413.297:ERROR:process_memory_win.cc(73)] ReadMemory at 0x7fffaba90000 of 64 bytes failed: Only part of a ReadProcessMemory or WriteProcessMemory request was completed. (0x12B)
[1105/171413.297:WARNING:pe_image_reader.cc(340)] could not read dos header from C:\Windows\System32\ucrtbase.dll
[1105/171413.297:ERROR:process_memory_win.cc(73)] ReadMemory at 0x7fffad700000 of 64 bytes failed: Only part of a ReadProcessMemory or WriteProcessMemory request was completed. (0x12B)
[1105/171413.297:WARNING:pe_image_reader.cc(340)] could not read dos header from C:\Windows\System32\combase.dll
[1105/171413.297:ERROR:process_memory_win.cc(73)] ReadMemory at 0x7fffab450000 of 64 bytes failed: Only part of a ReadProcessMemory or WriteProcessMemory request was completed. (0x12B)
[1105/171413.297:WARNING:pe_image_reader.cc(340)] could not read dos header from C:\Windows\System32\WINTRUST.dll
[1105/171413.297:ERROR:process_memory_win.cc(73)] ReadMemory at 0x7fffab660000 of 64 bytes failed: Only part of a ReadProcessMemory or WriteProcessMemory request was completed. (0x12B)
[1105/171413.297:WARNING:pe_image_reader.cc(340)] could not read dos header from C:\Windows\System32\CRYPT32.dll
[1105/171413.297:ERROR:process_memory_win.cc(73)] ReadMemory at 0x7fffaad90000 of 64 bytes failed: Only part of a ReadProcessMemory or WriteProcessMemory request was completed. (0x12B)
[1105/171413.297:WARNING:pe_image_reader.cc(340)] could not read dos header from C:\Windows\SYSTEM32\dbghelp.dll
[1105/171413.297:ERROR:process_memory_win.cc(73)] ReadMemory at 0x7fffaa0a0000 of 64 bytes failed: Only part of a ReadProcessMemory or WriteProcessMemory request was completed. (0x12B)
[1105/171413.297:WARNING:pe_image_reader.cc(340)] could not read dos header from C:\Windows\SYSTEM32\IPHLPAPI.DLL
[1105/171413.297:ERROR:process_memory_win.cc(73)] ReadMemory at 0x7fff9e830000 of 64 bytes failed: Only part of a ReadProcessMemory or WriteProcessMemory request was completed. (0x12B)
[1105/171413.297:WARNING:pe_image_reader.cc(340)] could not read dos header from C:\Windows\SYSTEM32\WINMM.dll
[1105/171413.297:ERROR:process_memory_win.cc(73)] ReadMemory at 0x7fff93240000 of 64 bytes failed: Only part of a ReadProcessMemory or WriteProcessMemory request was completed. (0x12B)
[1105/171413.297:WARNING:pe_image_reader.cc(340)] could not read dos header from C:\Windows\SYSTEM32\UIAutomationCore.DLL
[1105/171413.301:ERROR:process_memory_win.cc(73)] ReadMemory at 0x7fffa8a80000 of 64 bytes failed: Only part of a ReadProcessMemory or WriteProcessMemory request was completed. (0x12B)
[1105/171413.301:WARNING:pe_image_reader.cc(340)] could not read dos header from C:\Windows\SYSTEM32\Secur32.dll
[1105/171413.301:ERROR:process_memory_win.cc(73)] ReadMemory at 0x7fffab1a0000 of 64 bytes failed: Only part of a ReadProcessMemory or WriteProcessMemory request was completed. (0x12B)
[1105/171413.301:WARNING:pe_image_reader.cc(340)] could not read dos header from C:\Windows\SYSTEM32\USERENV.dll
[1105/171413.301:ERROR:process_memory_win.cc(73)] ReadMemory at 0x7fffa03b0000 of 64 bytes failed: Only part of a ReadProcessMemory or WriteProcessMemory request was completed. (0x12B)
[1105/171413.301:WARNING:pe_image_reader.cc(340)] could not read dos header from C:\Windows\SYSTEM32\DWrite.dll
[1105/171413.301:ERROR:process_memory_win.cc(73)] ReadMemory at 0x7fff9e530000 of 64 bytes failed: Only part of a ReadProcessMemory or WriteProcessMemory request was completed. (0x12B)
[1105/171413.301:WARNING:pe_image_reader.cc(340)] could not read dos header from C:\Windows\SYSTEM32\WINSPOOL.DRV
[1105/171413.301:ERROR:process_memory_win.cc(73)] ReadMemory at 0x7fff9e950000 of 64 bytes failed: Only part of a ReadProcessMemory or WriteProcessMemory request was completed. (0x12B)
[1105/171413.301:WARNING:pe_image_reader.cc(340)] could not read dos header from C:\Windows\SYSTEM32\WINHTTP.dll
[1105/171413.301:ERROR:process_memory_win.cc(73)] ReadMemory at 0x7fff9f050000 of 64 bytes failed: Only part of a ReadProcessMemory or WriteProcessMemory request was completed. (0x12B)
[1105/171413.301:WARNING:pe_image_reader.cc(340)] could not read dos header from C:\Windows\SYSTEM32\dhcpcsvc.DLL
[1105/171413.301:ERROR:process_memory_win.cc(73)] ReadMemory at 0x7fffa7ac0000 of 64 bytes failed: Only part of a ReadProcessMemory or WriteProcessMemory request was completed. (0x12B)
[1105/171413.301:WARNING:pe_image_reader.cc(340)] could not read dos header from C:\Windows\SYSTEM32\PROPSYS.dll
[1105/171413.301:ERROR:process_memory_win.cc(73)] ReadMemory at 0x7fffab160000 of 64 bytes failed: Only part of a ReadProcessMemory or WriteProcessMemory request was completed. (0x12B)
[1105/171413.301:WARNING:pe_image_reader.cc(340)] could not read dos header from C:\Windows\SYSTEM32\SSPICLI.DLL
[1105/171413.301:ERROR:process_memory_win.cc(73)] ReadMemory at 0x7fffaab80000 of 64 bytes failed: Only part of a ReadProcessMemory or WriteProcessMemory request was completed. (0x12B)
[1105/171413.301:WARNING:pe_image_reader.cc(340)] could not read dos header from C:\Windows\System32\MSASN1.dll
[1105/171413.301:ERROR:process_memory_win.cc(73)] ReadMemory at 0x7fffab2d0000 of 64 bytes failed: Only part of a ReadProcessMemory or WriteProcessMemory request was completed. (0x12B)
[1105/171413.301:WARNING:pe_image_reader.cc(340)] could not read dos header from C:\Windows\System32\bcryptPrimitives.dll
[1105/171413.301:ERROR:process_memory_win.cc(73)] ReadMemory at 0x7fffaa5a0000 of 64 bytes failed: Only part of a ReadProcessMemory or WriteProcessMemory request was completed. (0x12B)
[1105/171413.301:WARNING:pe_image_reader.cc(340)] could not read dos header from C:\Windows\SYSTEM32\CRYPTBASE.DLL
[1105/171413.972:ERROR:process_memory_win.cc(73)] ReadMemory at 0x7ff6e3200000 of 64 bytes failed: Only part of a ReadProcessMemory or WriteProcessMemory request was completed. (0x12B)
[1105/171413.972:WARNING:pe_image_reader.cc(340)] could not read dos header from C:\Program Files\Google\Chrome\Application\chrome.exe
[1105/171413.972:ERROR:process_memory_win.cc(73)] ReadMemory at 0x7fffadb50000 of 64 bytes failed: Only part of a ReadProcessMemory or WriteProcessMemory request was completed. (0x12B)
[1105/171413.972:WARNING:pe_image_reader.cc(340)] could not read dos header from C:\Windows\SYSTEM32\ntdll.dll
[1105/171413.972:ERROR:process_memory_win.cc(73)] ReadMemory at 0x7fffad480000 of 64 bytes failed: Only part of a ReadProcessMemory or WriteProcessMemory request was completed. (0x12B)
[1105/171413.972:WARNING:pe_image_reader.cc(340)] could not read dos header from C:\Windows\System32\KERNEL32.DLL
[1105/171413.972:ERROR:process_memory_win.cc(73)] ReadMemory at 0x7fffab7c0000 of 64 bytes failed: Only part of a ReadProcessMemory or WriteProcessMemory request was completed. (0x12B)
[1105/171413.974:WARNING:pe_image_reader.cc(340)] could not read dos header from C:\Windows\System32\KERNELBASE.dll
[1105/171413.974:ERROR:process_memory_win.cc(73)] ReadMemory at 0x7fff72ee0000 of 64 bytes failed: Only part of a ReadProcessMemory or WriteProcessMemory request was completed. (0x12B)
[1105/171413.974:WARNING:pe_image_reader.cc(340)] could not read dos header from C:\Program Files\Google\Chrome\Application\86.0.4240.183\chrome_elf.dll
[1105/171413.974:ERROR:process_memory_win.cc(73)] ReadMemory at 0x7fff9e860000 of 64 bytes failed: Only part of a ReadProcessMemory or WriteProcessMemory request was completed. (0x12B)
[1105/171414.068:WARNING:pe_image_reader.cc(340)] could not read dos header from C:\Windows\SYSTEM32\VERSION.dll
[1105/171414.068:ERROR:process_memory_win.cc(73)] ReadMemory at 0x7fffac310000 of 64 bytes failed: Only part of a ReadProcessMemory or WriteProcessMemory request was completed. (0x12B)
[1105/171414.068:WARNING:pe_image_reader.cc(340)] could not read dos header from C:\Windows\System32\msvcrt.dll
[1105/171414.068:ERROR:process_memory_win.cc(73)] ReadMemory at 0x7fffabc20000 of 64 bytes failed: Only part of a ReadProcessMemory or WriteProcessMemory request was completed. (0x12B)
[1105/171414.068:WARNING:pe_image_reader.cc(340)] could not read dos header from C:\Windows\System32\ADVAPI32.dll
[1105/171414.068:ERROR:process_memory_win.cc(73)] ReadMemory at 0x7fffabd00000 of 64 bytes failed: Only part of a ReadProcessMemory or WriteProcessMemory request was completed. (0x12B)
[1105/171414.068:WARNING:pe_image_reader.cc(340)] could not read dos header from C:\Windows\System32\sechost.dll
[1105/171414.068:ERROR:process_memory_win.cc(73)] ReadMemory at 0x7fffabda0000 of 64 bytes failed: Only part of a ReadProcessMemory or WriteProcessMemory request was completed. (0x12B)
[1105/171414.068:WARNING:pe_image_reader.cc(340)] could not read dos header from C:\Windows\System32\RPCRT4.dll
[1105/171414.068:ERROR:process_memory_win.cc(73)] ReadMemory at 0x7fff57bd0000 of 64 bytes failed: Only part of a ReadProcessMemory or WriteProcessMemory request was completed. (0x12B)
[1105/171414.068:WARNING:pe_image_reader.cc(340)] could not read dos header from C:\Program Files\Google\Chrome\Application\86.0.4240.183\chrome.dll
[1105/171414.068:ERROR:process_memory_win.cc(73)] ReadMemory at 0x7fffacba0000 of 64 bytes failed: Only part of a ReadProcessMemory or WriteProcessMemory request was completed. (0x12B)
[1105/171414.068:WARNING:pe_image_reader.cc(340)] could not read dos header from C:\Windows\System32\WS2_32.dll
[1105/171414.068:ERROR:process_memory_win.cc(73)] ReadMemory at 0x7fffac240000 of 64 bytes failed: Only part of a ReadProcessMemory or WriteProcessMemory request was completed. (0x12B)
[1105/171414.068:WARNING:pe_image_reader.cc(340)] could not read dos header from C:\Windows\System32\OLEAUT32.dll
[1105/171414.068:ERROR:process_memory_win.cc(73)] ReadMemory at 0x7fffab4b0000 of 64 bytes failed: Only part of a ReadProcessMemory or WriteProcessMemory request was completed. (0x12B)
[1105/171414.068:WARNING:pe_image_reader.cc(340)] could not read dos header from C:\Windows\System32\msvcp_win.dll
[1105/171414.068:ERROR:process_memory_win.cc(73)] ReadMemory at 0x7fffaba90000 of 64 bytes failed: Only part of a ReadProcessMemory or WriteProcessMemory request was completed. (0x12B)
[1105/171414.068:WARNING:pe_image_reader.cc(340)] could not read dos header from C:\Windows\System32\ucrtbase.dll
[1105/171414.068:ERROR:process_memory_win.cc(73)] ReadMemory at 0x7fffad700000 of 64 bytes failed: Only part of a ReadProcessMemory or WriteProcessMemory request was completed. (0x12B)
[1105/171414.068:WARNING:pe_image_reader.cc(340)] could not read dos header from C:\Windows\System32\combase.dll
[1105/171414.068:ERROR:process_memory_win.cc(73)] ReadMemory at 0x7fffab450000 of 64 bytes failed: Only part of a ReadProcessMemory or WriteProcessMemory request was completed. (0x12B)
[1105/171414.068:WARNING:pe_image_reader.cc(340)] could not read dos header from C:\Windows\System32\WINTRUST.dll
[1105/171414.068:ERROR:process_memory_win.cc(73)] ReadMemory at 0x7fffab660000 of 64 bytes failed: Only part of a ReadProcessMemory or WriteProcessMemory request was completed. (0x12B)
[1105/171414.068:WARNING:pe_image_reader.cc(340)] could not read dos header from C:\Windows\System32\CRYPT32.dll
[1105/171414.068:ERROR:process_memory_win.cc(73)] ReadMemory at 0x7fffaad90000 of 64 bytes failed: Only part of a ReadProcessMemory or WriteProcessMemory request was completed. (0x12B)
[1105/171414.068:WARNING:pe_image_reader.cc(340)] could not read dos header from C:\Windows\SYSTEM32\dbghelp.dll
[1105/171414.068:ERROR:process_memory_win.cc(73)] ReadMemory at 0x7fffaa0a0000 of 64 bytes failed: Only part of a ReadProcessMemory or WriteProcessMemory request was completed. (0x12B)
[1105/171414.068:WARNING:pe_image_reader.cc(340)] could not read dos header from C:\Windows\SYSTEM32\IPHLPAPI.DLL
[1105/171414.068:ERROR:process_memory_win.cc(73)] ReadMemory at 0x7fff9e830000 of 64 bytes failed: Only part of a ReadProcessMemory or WriteProcessMemory request was completed. (0x12B)
[1105/171414.068:WARNING:pe_image_reader.cc(340)] could not read dos header from C:\Windows\SYSTEM32\WINMM.dll
[1105/171414.068:ERROR:process_memory_win.cc(73)] ReadMemory at 0x7fff93240000 of 64 bytes failed: Only part of a ReadProcessMemory or WriteProcessMemory request was completed. (0x12B)
[1105/171414.068:WARNING:pe_image_reader.cc(340)] could not read dos header from C:\Windows\SYSTEM32\UIAutomationCore.DLL
[1105/171414.068:ERROR:process_memory_win.cc(73)] ReadMemory at 0x7fffa8a80000 of 64 bytes failed: Only part of a ReadProcessMemory or WriteProcessMemory request was completed. (0x12B)
[1105/171414.068:WARNING:pe_image_reader.cc(340)] could not read dos header from C:\Windows\SYSTEM32\Secur32.dll
[1105/171414.072:ERROR:process_memory_win.cc(73)] ReadMemory at 0x7fffab1a0000 of 64 bytes failed: Only part of a ReadProcessMemory or WriteProcessMemory request was completed. (0x12B)
[1105/171414.072:WARNING:pe_image_reader.cc(340)] could not read dos header from C:\Windows\SYSTEM32\USERENV.dll
[1105/171414.072:ERROR:process_memory_win.cc(73)] ReadMemory at 0x7fffa03b0000 of 64 bytes failed: Only part of a ReadProcessMemory or WriteProcessMemory request was completed. (0x12B)
[1105/171414.072:WARNING:pe_image_reader.cc(340)] could not read dos header from C:\Windows\SYSTEM32\DWrite.dll
[1105/171414.072:ERROR:process_memory_win.cc(73)] ReadMemory at 0x7fff9e530000 of 64 bytes failed: Only part of a ReadProcessMemory or WriteProcessMemory request was completed. (0x12B)
[1105/171414.072:WARNING:pe_image_reader.cc(340)] could not read dos header from C:\Windows\SYSTEM32\WINSPOOL.DRV
[1105/171414.072:ERROR:process_memory_win.cc(73)] ReadMemory at 0x7fff9e950000 of 64 bytes failed: Only part of a ReadProcessMemory or WriteProcessMemory request was completed. (0x12B)
[1105/171414.072:WARNING:pe_image_reader.cc(340)] could not read dos header from C:\Windows\SYSTEM32\WINHTTP.dll
[1105/171414.072:ERROR:process_memory_win.cc(73)] ReadMemory at 0x7fff9f050000 of 64 bytes failed: Only part of a ReadProcessMemory or WriteProcessMemory request was completed. (0x12B)
[1105/171414.072:WARNING:pe_image_reader.cc(340)] could not read dos header from C:\Windows\SYSTEM32\dhcpcsvc.DLL
[1105/171414.072:ERROR:process_memory_win.cc(73)] ReadMemory at 0x7fffa7ac0000 of 64 bytes failed: Only part of a ReadProcessMemory or WriteProcessMemory request was completed. (0x12B)
[1105/171414.072:WARNING:pe_image_reader.cc(340)] could not read dos header from C:\Windows\SYSTEM32\PROPSYS.dll
[1105/171414.072:ERROR:process_memory_win.cc(73)] ReadMemory at 0x7fffab160000 of 64 bytes failed: Only part of a ReadProcessMemory or WriteProcessMemory request was completed. (0x12B)
[1105/171414.072:WARNING:pe_image_reader.cc(340)] could not read dos header from C:\Windows\SYSTEM32\SSPICLI.DLL
[1105/171414.072:ERROR:process_memory_win.cc(73)] ReadMemory at 0x7fffaab80000 of 64 bytes failed: Only part of a ReadProcessMemory or WriteProcessMemory request was completed. (0x12B)
[1105/171414.072:WARNING:pe_image_reader.cc(340)] could not read dos header from C:\Windows\System32\MSASN1.dll
[1105/171414.072:ERROR:process_memory_win.cc(73)] ReadMemory at 0x7fffab2d0000 of 64 bytes failed: Only part of a ReadProcessMemory or WriteProcessMemory request was completed. (0x12B)
[1105/171414.072:WARNING:pe_image_reader.cc(340)] could not read dos header from C:\Windows\System32\bcryptPrimitives.dll
[1105/171414.072:ERROR:process_memory_win.cc(73)] ReadMemory at 0x7fffaa5a0000 of 64 bytes failed: Only part of a ReadProcessMemory or WriteProcessMemory request was completed. (0x12B)
[1105/171414.072:WARNING:pe_image_reader.cc(340)] could not read dos header from C:\Windows\SYSTEM32\CRYPTBASE.DLL
[1105/171414.072:ERROR:process_memory_win.cc(73)] ReadMemory at 0x7ff6e3200000 of 64 bytes failed: Only part of a ReadProcessMemory or WriteProcessMemory request was completed. (0x12B)
[1105/171414.072:WARNING:pe_image_reader.cc(340)] could not read dos header from C:\Program Files\Google\Chrome\Application\chrome.exe
[1105/171414.072:ERROR:process_memory_win.cc(73)] ReadMemory at 0x7fffadb50000 of 64 bytes failed: Only part of a ReadProcessMemory or WriteProcessMemory request was completed. (0x12B)
[1105/171414.072:WARNING:pe_image_reader.cc(340)] could not read dos header from C:\Windows\SYSTEM32\ntdll.dll
[1105/171414.072:ERROR:process_memory_win.cc(73)] ReadMemory at 0x7fffad480000 of 64 bytes failed: Only part of a ReadProcessMemory or WriteProcessMemory request was completed. (0x12B)
[1105/171414.072:WARNING:pe_image_reader.cc(340)] could not read dos header from C:\Windows\System32\KERNEL32.DLL
[1105/171414.072:ERROR:process_memory_win.cc(73)] ReadMemory at 0x7fffab7c0000 of 64 bytes failed: Only part of a ReadProcessMemory or WriteProcessMemory request was completed. (0x12B)
[1105/171414.072:WARNING:pe_image_reader.cc(340)] could not read dos header from C:\Windows\System32\KERNELBASE.dll
[1105/171414.072:ERROR:process_memory_win.cc(73)] ReadMemory at 0x7fff72ee0000 of 64 bytes failed: Only part of a ReadProcessMemory or WriteProcessMemory request was completed. (0x12B)
[1105/171414.072:WARNING:pe_image_reader.cc(340)] could not read dos header from C:\Program Files\Google\Chrome\Application\86.0.4240.183\chrome_elf.dll
[1105/171414.072:ERROR:process_memory_win.cc(73)] ReadMemory at 0x7fff9e860000 of 64 bytes failed: Only part of a ReadProcessMemory or WriteProcessMemory request was completed. (0x12B)
[1105/171414.072:WARNING:pe_image_reader.cc(340)] could not read dos header from C:\Windows\SYSTEM32\VERSION.dll
[1105/171414.072:ERROR:process_memory_win.cc(73)] ReadMemory at 0x7fffac310000 of 64 bytes failed: Only part of a ReadProcessMemory or WriteProcessMemory request was completed. (0x12B)
[1105/171414.072:WARNING:pe_image_reader.cc(340)] could not read dos header from C:\Windows\System32\msvcrt.dll
[1105/171414.076:ERROR:process_memory_win.cc(73)] ReadMemory at 0x7fffabc20000 of 64 bytes failed: Only part of a ReadProcessMemory or WriteProcessMemory request was completed. (0x12B)
[1105/171414.076:WARNING:pe_image_reader.cc(340)] could not read dos header from C:\Windows\System32\ADVAPI32.dll
[1105/171414.076:ERROR:process_memory_win.cc(73)] ReadMemory at 0x7fffabd00000 of 64 bytes failed: Only part of a ReadProcessMemory or WriteProcessMemory request was completed. (0x12B)
[1105/171414.076:WARNING:pe_image_reader.cc(340)] could not read dos header from C:\Windows\System32\sechost.dll
[1105/171414.076:ERROR:process_memory_win.cc(73)] ReadMemory at 0x7fffabda0000 of 64 bytes failed: Only part of a ReadProcessMemory or WriteProcessMemory request was completed. (0x12B)
[1105/171414.076:WARNING:pe_image_reader.cc(340)] could not read dos header from C:\Windows\System32\RPCRT4.dll
[1105/171414.076:ERROR:process_memory_win.cc(73)] ReadMemory at 0x7fff57bd0000 of 64 bytes failed: Only part of a ReadProcessMemory or WriteProcessMemory request was completed. (0x12B)
[1105/171414.076:WARNING:pe_image_reader.cc(340)] could not read dos header from C:\Program Files\Google\Chrome\Application\86.0.4240.183\chrome.dll
[1105/171414.076:ERROR:process_memory_win.cc(73)] ReadMemory at 0x7fffacba0000 of 64 bytes failed: Only part of a ReadProcessMemory or WriteProcessMemory request was completed. (0x12B)
[1105/171414.076:WARNING:pe_image_reader.cc(340)] could not read dos header from C:\Windows\System32\WS2_32.dll
[1105/171414.076:ERROR:process_memory_win.cc(73)] ReadMemory at 0x7fffac240000 of 64 bytes failed: Only part of a ReadProcessMemory or WriteProcessMemory request was completed. (0x12B)
[1105/171414.076:WARNING:pe_image_reader.cc(340)] could not read dos header from C:\Windows\System32\OLEAUT32.dll
[1105/171414.076:ERROR:process_memory_win.cc(73)] ReadMemory at 0x7fffab4b0000 of 64 bytes failed: Only part of a ReadProcessMemory or WriteProcessMemory request was completed. (0x12B)
[1105/171414.076:WARNING:pe_image_reader.cc(340)] could not read dos header from C:\Windows\System32\msvcp_win.dll
[1105/171414.076:ERROR:process_memory_win.cc(73)] ReadMemory at 0x7fffaba90000 of 64 bytes failed: Only part of a ReadProcessMemory or WriteProcessMemory request was completed. (0x12B)
[1105/171414.076:WARNING:pe_image_reader.cc(340)] could not read dos header from C:\Windows\System32\ucrtbase.dll
[1105/171414.076:ERROR:process_memory_win.cc(73)] ReadMemory at 0x7fffad700000 of 64 bytes failed: Only part of a ReadProcessMemory or WriteProcessMemory request was completed. (0x12B)
[1105/171414.076:WARNING:pe_image_reader.cc(340)] could not read dos header from C:\Windows\System32\combase.dll
[1105/171414.076:ERROR:process_memory_win.cc(73)] ReadMemory at 0x7fffab450000 of 64 bytes failed: Only part of a ReadProcessMemory or WriteProcessMemory request was completed. (0x12B)
[1105/171414.076:WARNING:pe_image_reader.cc(340)] could not read dos header from C:\Windows\System32\WINTRUST.dll
[1105/171414.076:ERROR:process_memory_win.cc(73)] ReadMemory at 0x7fffab660000 of 64 bytes failed: Only part of a ReadProcessMemory or WriteProcessMemory request was completed. (0x12B)
[1105/171414.076:WARNING:pe_image_reader.cc(340)] could not read dos header from C:\Windows\System32\CRYPT32.dll
[1105/171414.076:ERROR:process_memory_win.cc(73)] ReadMemory at 0x7fffaad90000 of 64 bytes failed: Only part of a ReadProcessMemory or WriteProcessMemory request was completed. (0x12B)
[1105/171414.076:WARNING:pe_image_reader.cc(340)] could not read dos header from C:\Windows\SYSTEM32\dbghelp.dll
[1105/171414.076:ERROR:process_memory_win.cc(73)] ReadMemory at 0x7fffaa0a0000 of 64 bytes failed: Only part of a ReadProcessMemory or WriteProcessMemory request was completed. (0x12B)
[1105/171414.076:WARNING:pe_image_reader.cc(340)] could not read dos header from C:\Windows\SYSTEM32\IPHLPAPI.DLL
[1105/171414.076:ERROR:process_memory_win.cc(73)] ReadMemory at 0x7fff9e830000 of 64 bytes failed: Only part of a ReadProcessMemory or WriteProcessMemory request was completed. (0x12B)
[1105/171414.076:WARNING:pe_image_reader.cc(340)] could not read dos header from C:\Windows\SYSTEM32\WINMM.dll
[1105/171414.076:ERROR:process_memory_win.cc(73)] ReadMemory at 0x7fff93240000 of 64 bytes failed: Only part of a ReadProcessMemory or WriteProcessMemory request was completed. (0x12B)
[1105/171414.076:WARNING:pe_image_reader.cc(340)] could not read dos header from C:\Windows\SYSTEM32\UIAutomationCore.DLL
[1105/171414.076:ERROR:process_memory_win.cc(73)] ReadMemory at 0x7fffa8a80000 of 64 bytes failed: Only part of a ReadProcessMemory or WriteProcessMemory request was completed. (0x12B)
[1105/171414.076:WARNING:pe_image_reader.cc(340)] could not read dos header from C:\Windows\SYSTEM32\Secur32.dll
[1105/171414.076:ERROR:process_memory_win.cc(73)] ReadMemory at 0x7fffab1a0000 of 64 bytes failed: Only part of a ReadProcessMemory or WriteProcessMemory request was completed. (0x12B)
[1105/171414.076:WARNING:pe_image_reader.cc(340)] could not read dos header from C:\Windows\SYSTEM32\USERENV.dll
[1105/171414.076:ERROR:process_memory_win.cc(73)] ReadMemory at 0x7fffa03b0000 of 64 bytes failed: Only part of a ReadProcessMemory or WriteProcessMemory request was completed. (0x12B)
[1105/171414.076:WARNING:pe_image_reader.cc(340)] could not read dos header from C:\Windows\SYSTEM32\DWrite.dll
[1105/171414.076:ERROR:process_memory_win.cc(73)] ReadMemory at 0x7fff9e530000 of 64 bytes failed: Only part of a ReadProcessMemory or WriteProcessMemory request was completed. (0x12B)
[1105/171414.076:WARNING:pe_image_reader.cc(340)] could not read dos header from C:\Windows\SYSTEM32\WINSPOOL.DRV
[1105/171414.076:ERROR:process_memory_win.cc(73)] ReadMemory at 0x7fff9e950000 of 64 bytes failed: Only part of a ReadProcessMemory or WriteProcessMemory request was completed. (0x12B)
[1105/171414.076:WARNING:pe_image_reader.cc(340)] could not read dos header from C:\Windows\SYSTEM32\WINHTTP.dll
[1105/171414.076:ERROR:process_memory_win.cc(73)] ReadMemory at 0x7fff9f050000 of 64 bytes failed: Only part of a ReadProcessMemory or WriteProcessMemory request was completed. (0x12B)
[1105/171414.076:WARNING:pe_image_reader.cc(340)] could not read dos header from C:\Windows\SYSTEM32\dhcpcsvc.DLL
[1105/171414.076:ERROR:process_memory_win.cc(73)] ReadMemory at 0x7fffa7ac0000 of 64 bytes failed: Only part of a ReadProcessMemory or WriteProcessMemory request was completed. (0x12B)
[1105/171414.076:WARNING:pe_image_reader.cc(340)] could not read dos header from C:\Windows\SYSTEM32\PROPSYS.dll
[1105/171414.080:ERROR:process_memory_win.cc(73)] ReadMemory at 0x7fffab160000 of 64 bytes failed: Only part of a ReadProcessMemory or WriteProcessMemory request was completed. (0x12B)
[1105/171414.080:WARNING:pe_image_reader.cc(340)] could not read dos header from C:\Windows\SYSTEM32\SSPICLI.DLL
[1105/171414.080:ERROR:process_memory_win.cc(73)] ReadMemory at 0x7fffaab80000 of 64 bytes failed: Only part of a ReadProcessMemory or WriteProcessMemory request was completed. (0x12B)
[1105/171414.080:WARNING:pe_image_reader.cc(340)] could not read dos header from C:\Windows\System32\MSASN1.dll
[1105/171414.080:ERROR:process_memory_win.cc(73)] ReadMemory at 0x7fffab2d0000 of 64 bytes failed: Only part of a ReadProcessMemory or WriteProcessMemory request was completed. (0x12B)
[1105/171414.080:WARNING:pe_image_reader.cc(340)] could not read dos header from C:\Windows\System32\bcryptPrimitives.dll
[1105/171414.080:ERROR:process_memory_win.cc(73)] ReadMemory at 0x7fffaa5a0000 of 64 bytes failed: Only part of a ReadProcessMemory or WriteProcessMemory request was completed. (0x12B)
[1105/171414.080:WARNING:pe_image_reader.cc(340)] could not read dos header from C:\Windows\SYSTEM32\CRYPTBASE.DLL
[1105/171414.229:ERROR:process_memory_win.cc(73)] ReadMemory at 0x88d65e9000 of 94208 bytes failed: Only part of a ReadProcessMemory or WriteProcessMemory request was completed. (0x12B)
[1105/171414.229:ERROR:process_memory_win.cc(73)] ReadMemory at 0x88d6dfd000 of 12288 bytes failed: Only part of a ReadProcessMemory or WriteProcessMemory request was completed. (0x12B)
[1105/171414.229:ERROR:process_memory_win.cc(73)] ReadMemory at 0x88d7dfe000 of 8192 bytes failed: Only part of a ReadProcessMemory or WriteProcessMemory request was completed. (0x12B)
[1105/171414.275:ERROR:process_memory_win.cc(73)] ReadMemory at 0x88d85fd000 of 12288 bytes failed: Only part of a ReadProcessMemory or WriteProcessMemory request was completed. (0x12B)
[1105/171414.275:ERROR:process_memory_win.cc(73)] ReadMemory at 0x88d95fe000 of 8192 bytes failed: Only part of a ReadProcessMemory or WriteProcessMemory request was completed. (0x12B)
[1105/171414.275:ERROR:process_memory_win.cc(73)] ReadMemory at 0x88d9dfe000 of 8192 bytes failed: Only part of a ReadProcessMemory or WriteProcessMemory request was completed. (0x12B)
[1105/171414.275:ERROR:process_memory_win.cc(73)] ReadMemory at 0x88da5fd000 of 12288 bytes failed: Only part of a ReadProcessMemory or WriteProcessMemory request was completed. (0x12B)
[1105/171414.275:ERROR:process_memory_win.cc(73)] ReadMemory at 0x88db5fe000 of 8192 bytes failed: Only part of a ReadProcessMemory or WriteProcessMemory request was completed. (0x12B)
[1105/171414.275:ERROR:process_memory_win.cc(73)] ReadMemory at 0x88dbdfc000 of 16384 bytes failed: Only part of a ReadProcessMemory or WriteProcessMemory request was completed. (0x12B)
[1105/171414.275:ERROR:process_memory_win.cc(73)] ReadMemory at 0x88dc5fc000 of 16384 bytes failed: Only part of a ReadProcessMemory or WriteProcessMemory request was completed. (0x12B)
[1105/171414.275:ERROR:process_memory_win.cc(73)] ReadMemory at 0x88dcdfe000 of 8192 bytes failed: Only part of a ReadProcessMemory or WriteProcessMemory request was completed. (0x12B)
[1105/171414.275:ERROR:process_memory_win.cc(73)] ReadMemory at 0x88d8dfe000 of 8192 bytes failed: Only part of a ReadProcessMemory or WriteProcessMemory request was completed. (0x12B)
[1105/171414.275:ERROR:process_memory_win.cc(73)] ReadMemory at 0x88dd5f6000 of 40960 bytes failed: Only part of a ReadProcessMemory or WriteProcessMemory request was completed. (0x12B)
[1105/171414.597:ERROR:process_memory_win.cc(73)] ReadMemory at 0x88dadf6000 of 40960 bytes failed: Only part of a ReadProcessMemory or WriteProcessMemory request was completed. (0x12B)
[1105/171414.597:ERROR:process_memory_win.cc(73)] ReadMemory at 0x88d75f9000 of 28672 bytes failed: Only part of a ReadProcessMemory or WriteProcessMemory request was completed. (0x12B)
[1105/171414.597:ERROR:process_memory_win.cc(73)] ReadMemory at 0x88dddfe000 of 8192 bytes failed: Only part of a ReadProcessMemory or WriteProcessMemory request was completed. (0x12B)
[1105/171415.087:ERROR:process_memory_win.cc(73)] ReadMemory at 0x88d5ce8000 of 852 bytes failed: Only part of a ReadProcessMemory or WriteProcessMemory request was completed. (0x12B)
[1105/171415.087:ERROR:process_memory_win.cc(73)] ReadMemory at 0x88d5ce9000 of 6024 bytes failed: Only part of a ReadProcessMemory or WriteProcessMemory request was completed. (0x12B)
[1105/171415.087:ERROR:process_memory_win.cc(73)] ReadMemory at 0x88d5ceb000 of 6024 bytes failed: Only part of a ReadProcessMemory or WriteProcessMemory request was completed. (0x12B)
[1105/171415.087:ERROR:process_memory_win.cc(73)] ReadMemory at 0x88d5cef000 of 6024 bytes failed: Only part of a ReadProcessMemory or WriteProcessMemory request was completed. (0x12B)
[1105/171415.332:ERROR:process_memory_win.cc(73)] ReadMemory at 0x88d5cf1000 of 6024 bytes failed: Only part of a ReadProcessMemory or WriteProcessMemory request was completed. (0x12B)
[1105/171415.332:ERROR:process_memory_win.cc(73)] ReadMemory at 0x88d5cf5000 of 6024 bytes failed: Only part of a ReadProcessMemory or WriteProcessMemory request was completed. (0x12B)
[1105/171415.336:ERROR:process_memory_win.cc(73)] ReadMemory at 0x88d5cf7000 of 6024 bytes failed: Only part of a ReadProcessMemory or WriteProcessMemory request was completed. (0x12B)
[1105/171415.336:ERROR:process_memory_win.cc(73)] ReadMemory at 0x88d5cf9000 of 6024 bytes failed: Only part of a ReadProcessMemory or WriteProcessMemory request was completed. (0x12B)
[1105/171415.336:ERROR:process_memory_win.cc(73)] ReadMemory at 0x88d5cfd000 of 6024 bytes failed: Only part of a ReadProcessMemory or WriteProcessMemory request was completed. (0x12B)
[1105/171415.336:ERROR:process_memory_win.cc(73)] ReadMemory at 0x88d5cff000 of 6024 bytes failed: Only part of a ReadProcessMemory or WriteProcessMemory request was completed. (0x12B)
[1105/171415.336:ERROR:process_memory_win.cc(73)] ReadMemory at 0x88d5d01000 of 6024 bytes failed: Only part of a ReadProcessMemory or WriteProcessMemory request was completed. (0x12B)
[1105/171415.336:ERROR:process_memory_win.cc(73)] ReadMemory at 0x88d5d03000 of 6024 bytes failed: Only part of a ReadProcessMemory or WriteProcessMemory request was completed. (0x12B)
[1105/171415.336:ERROR:process_memory_win.cc(73)] ReadMemory at 0x88d5d07000 of 6024 bytes failed: Only part of a ReadProcessMemory or WriteProcessMemory request was completed. (0x12B)
[1105/171415.336:ERROR:process_memory_win.cc(73)] ReadMemory at 0x88d5d37000 of 6024 bytes failed: Only part of a ReadProcessMemory or WriteProcessMemory request was completed. (0x12B)
[1105/171415.336:ERROR:process_memory_win.cc(73)] ReadMemory at 0x88d5d3b000 of 6024 bytes failed: Only part of a ReadProcessMemory or WriteProcessMemory request was completed. (0x12B)
[1105/171415.336:ERROR:process_memory_win.cc(73)] ReadMemory at 0x88d5d3f000 of 6024 bytes failed: Only part of a ReadProcessMemory or WriteProcessMemory request was completed. (0x12B)
[1105/171415.336:ERROR:process_memory_win.cc(73)] ReadMemory at 0x88d5d41000 of 6024 bytes failed: Only part of a ReadProcessMemory or WriteProcessMemory request was completed. (0x12B)
[1105/171415.539:ERROR:process_memory_win.cc(73)] ReadMemory at 0x1adf14d0fe0 of 18038 bytes failed: Only part of a ReadProcessMemory or WriteProcessMemory request was completed. (0x12B)
[1105/171415.560:ERROR:process_memory_win.cc(73)] ReadMemory at 0x1adf14d5660 of 1012 bytes failed: Only part of a ReadProcessMemory or WriteProcessMemory request was completed. (0x12B)
[1105/171415.560:ERROR:process_memory_win.cc(73)] ReadMemory at 0x1adf14d5ca8 of 106 bytes failed: Only part of a ReadProcessMemory or WriteProcessMemory request was completed. (0x12B)
[1105/171415.658:ERROR:process_memory_win.cc(73)] ReadMemory at 0x1adf14d5d14 of 702 bytes failed: Only part of a ReadProcessMemory or WriteProcessMemory request was completed. (0x12B)
[1105/171415.658:ERROR:process_memory_win.cc(73)] ReadMemory at 0x1adf14d5fd4 of 106 bytes failed: Only part of a ReadProcessMemory or WriteProcessMemory request was completed. (0x12B)
[1105/171415.807:ERROR:process_memory_win.cc(73)] ReadMemory at 0x1adf14d6040 of 96 bytes failed: Only part of a ReadProcessMemory or WriteProcessMemory request was completed. (0x12B)
[1105/171415.807:ERROR:process_memory_win.cc(73)] ReadMemory at 0x1adf14d60b0 of 58 bytes failed: Only part of a ReadProcessMemory or WriteProcessMemory request was completed. (0x12B)
[1105/171416.315:ERROR:process_memory_win.cc(73)] ReadMemory at 0x1adf14d61b0 of 132 bytes failed: Only part of a ReadProcessMemory or WriteProcessMemory request was completed. (0x12B)
[1105/171416.346:ERROR:process_memory_win.cc(73)] ReadMemory at 0x1adf14d6340 of 132 bytes failed: Only part of a ReadProcessMemory or WriteProcessMemory request was completed. (0x12B)
[1105/171416.377:ERROR:process_memory_win.cc(73)] ReadMemory at 0x1adf14d6500 of 114 bytes failed: Only part of a ReadProcessMemory or WriteProcessMemory request was completed. (0x12B)
[1105/171416.377:ERROR:process_memory_win.cc(73)] ReadMemory at 0x1adf14d6a00 of 132 bytes failed: Only part of a ReadProcessMemory or WriteProcessMemory request was completed. (0x12B)
[1105/171416.377:ERROR:process_memory_win.cc(73)] ReadMemory at 0x1adf14d6b90 of 64 bytes failed: Only part of a ReadProcessMemory or WriteProcessMemory request was completed. (0x12B)
[1105/171416.377:ERROR:process_memory_win.cc(73)] ReadMemory at 0x1adf14d6d40 of 132 bytes failed: Only part of a ReadProcessMemory or WriteProcessMemory request was completed. (0x12B)
[1105/171416.377:ERROR:process_memory_win.cc(73)] ReadMemory at 0x1adf14d7010 of 132 bytes failed: Only part of a ReadProcessMemory or WriteProcessMemory request was completed. (0x12B)
[1105/171416.377:ERROR:process_memory_win.cc(73)] ReadMemory at 0x1adf14d71a0 of 68 bytes failed: Only part of a ReadProcessMemory or WriteProcessMemory request was completed. (0x12B)
[1105/171416.377:ERROR:process_memory_win.cc(73)] ReadMemory at 0x1adf14d8250 of 132 bytes failed: Only part of a ReadProcessMemory or WriteProcessMemory request was completed. (0x12B)
[1105/171416.377:ERROR:process_memory_win.cc(73)] ReadMemory at 0x1adf14d8380 of 142 bytes failed: Only part of a ReadProcessMemory or WriteProcessMemory request was completed. (0x12B)
[1105/171416.377:ERROR:process_memory_win.cc(73)] ReadMemory at 0x1adf14d8a60 of 62 bytes failed: Only part of a ReadProcessMemory or WriteProcessMemory request was completed. (0x12B)
[1105/171416.705:ERROR:process_memory_win.cc(73)] ReadMemory at 0x1adf14d91c0 of 132 bytes failed: Only part of a ReadProcessMemory or WriteProcessMemory request was completed. (0x12B)
[1105/171416.705:ERROR:process_memory_win.cc(73)] ReadMemory at 0x1adf14d9350 of 60 bytes failed: Only part of a ReadProcessMemory or WriteProcessMemory request was completed. (0x12B)
[1105/171416.705:ERROR:process_memory_win.cc(73)] ReadMemory at 0x1adf14ee6c0 of 132 bytes failed: Only part of a ReadProcessMemory or WriteProcessMemory request was completed. (0x12B)
[1105/171416.705:ERROR:process_memory_win.cc(73)] ReadMemory at 0x1adf14ee7f0 of 132 bytes failed: Only part of a ReadProcessMemory or WriteProcessMemory request was completed. (0x12B)
[1105/171416.705:ERROR:process_memory_win.cc(73)] ReadMemory at 0x1adf14ee920 of 132 bytes failed: Only part of a ReadProcessMemory or WriteProcessMemory request was completed. (0x12B)
[1105/171416.705:ERROR:process_memory_win.cc(73)] ReadMemory at 0x1adf14eea50 of 132 bytes failed: Only part of a ReadProcessMemory or WriteProcessMemory request was completed. (0x12B)
[1105/171416.705:ERROR:process_memory_win.cc(73)] ReadMemory at 0x1adf14eeb80 of 132 bytes failed: Only part of a ReadProcessMemory or WriteProcessMemory request was completed. (0x12B)
[1105/171416.705:ERROR:process_memory_win.cc(73)] ReadMemory at 0x1adf14eecb0 of 132 bytes failed: Only part of a ReadProcessMemory or WriteProcessMemory request was completed. (0x12B)
[1105/171416.705:ERROR:process_memory_win.cc(73)] ReadMemory at 0x1adf14eede0 of 132 bytes failed: Only part of a ReadProcessMemory or WriteProcessMemory request was completed. (0x12B)
[1105/171416.705:ERROR:process_memory_win.cc(73)] ReadMemory at 0x1adf14eef10 of 132 bytes failed: Only part of a ReadProcessMemory or WriteProcessMemory request was completed. (0x12B)
[1105/171416.955:ERROR:process_memory_win.cc(73)] ReadMemory at 0x1adf14ef040 of 132 bytes failed: Only part of a ReadProcessMemory or WriteProcessMemory request was completed. (0x12B)
[1105/171416.955:ERROR:process_memory_win.cc(73)] ReadMemory at 0x1adf14ef170 of 132 bytes failed: Only part of a ReadProcessMemory or WriteProcessMemory request was completed. (0x12B)
[1105/171416.955:ERROR:process_memory_win.cc(73)] ReadMemory at 0x1adf14ef2a0 of 132 bytes failed: Only part of a ReadProcessMemory or WriteProcessMemory request was completed. (0x12B)
[1105/171416.971:ERROR:process_memory_win.cc(73)] ReadMemory at 0x1adf14ef3d0 of 132 bytes failed: Only part of a ReadProcessMemory or WriteProcessMemory request was completed. (0x12B)
[1105/171416.971:ERROR:process_memory_win.cc(73)] ReadMemory at 0x1adf14ef500 of 132 bytes failed: Only part of a ReadProcessMemory or WriteProcessMemory request was completed. (0x12B)
[1105/171417.065:ERROR:process_memory_win.cc(73)] ReadMemory at 0x1adf14f2b40 of 132 bytes failed: Only part of a ReadProcessMemory or WriteProcessMemory request was completed. (0x12B)
[1105/171417.096:ERROR:process_memory_win.cc(73)] ReadMemory at 0x1adf14f50b0 of 132 bytes failed: Only part of a ReadProcessMemory or WriteProcessMemory request was completed. (0x12B)
[1105/171417.111:ERROR:process_memory_win.cc(73)] ReadMemory at 0x1adf14f52d0 of 132 bytes failed: Only part of a ReadProcessMemory or WriteProcessMemory request was completed. (0x12B)
[1105/171417.111:ERROR:process_memory_win.cc(73)] ReadMemory at 0x1adf14f5620 of 132 bytes failed: Only part of a ReadProcessMemory or WriteProcessMemory request was completed. (0x12B)
[1105/171417.111:ERROR:process_memory_win.cc(73)] ReadMemory at 0x1adf14f6950 of 132 bytes failed: Only part of a ReadProcessMemory or WriteProcessMemory request was completed. (0x12B)
[1105/171417.111:ERROR:process_memory_win.cc(73)] ReadMemory at 0x1adf14f6a80 of 132 bytes failed: Only part of a ReadProcessMemory or WriteProcessMemory request was completed. (0x12B)
[1105/171417.111:ERROR:process_memory_win.cc(73)] ReadMemory at 0x1adf14f6ca0 of 64 bytes failed: Only part of a ReadProcessMemory or WriteProcessMemory request was completed. (0x12B)
[1105/171417.111:ERROR:process_memory_win.cc(73)] ReadMemory at 0x1adf14f6d40 of 62 bytes failed: Only part of a ReadProcessMemory or WriteProcessMemory request was completed. (0x12B)
[1105/171417.111:ERROR:process_memory_win.cc(73)] ReadMemory at 0x1adf14f6ed0 of 62 bytes failed: Only part of a ReadProcessMemory or WriteProcessMemory request was completed. (0x12B)
[1105/171417.111:ERROR:process_memory_win.cc(73)] ReadMemory at 0x1adf14f6f20 of 64 bytes failed: Only part of a ReadProcessMemory or WriteProcessMemory request was completed. (0x12B)
[1105/171417.111:ERROR:process_memory_win.cc(73)] ReadMemory at 0x1adf14f6fc0 of 62 bytes failed: Only part of a ReadProcessMemory or WriteProcessMemory request was completed. (0x12B)
[1105/171417.736:ERROR:process_memory_win.cc(73)] ReadMemory at 0x1adf14f7060 of 62 bytes failed: Only part of a ReadProcessMemory or WriteProcessMemory request was completed. (0x12B)
[1105/171417.799:ERROR:process_memory_win.cc(73)] ReadMemory at 0x1adf14f7150 of 62 bytes failed: Only part of a ReadProcessMemory or WriteProcessMemory request was completed. (0x12B)
[1105/171417.877:ERROR:process_memory_win.cc(73)] ReadMemory at 0x1adf14f71a0 of 62 bytes failed: Only part of a ReadProcessMemory or WriteProcessMemory request was completed. (0x12B)
[1105/171417.877:ERROR:process_memory_win.cc(73)] ReadMemory at 0x1adf14f72e0 of 60 bytes failed: Only part of a ReadProcessMemory or WriteProcessMemory request was completed. (0x12B)
[1105/171417.877:ERROR:process_memory_win.cc(73)] ReadMemory at 0x1adf14f7380 of 64 bytes failed: Only part of a ReadProcessMemory or WriteProcessMemory request was completed. (0x12B)
[1105/171417.924:ERROR:process_memory_win.cc(73)] ReadMemory at 0x1adf14f75b0 of 62 bytes failed: Only part of a ReadProcessMemory or WriteProcessMemory request was completed. (0x12B)
[1105/171417.924:ERROR:process_memory_win.cc(73)] ReadMemory at 0x1adf14f7790 of 66 bytes failed: Only part of a ReadProcessMemory or WriteProcessMemory request was completed. (0x12B)
[1105/171417.924:ERROR:process_memory_win.cc(73)] ReadMemory at 0x1adf14f77e0 of 64 bytes failed: Only part of a ReadProcessMemory or WriteProcessMemory request was completed. (0x12B)
[1105/171417.924:ERROR:process_memory_win.cc(73)] ReadMemory at 0x1adf14f7830 of 64 bytes failed: Only part of a ReadProcessMemory or WriteProcessMemory request was completed. (0x12B)
[1105/171417.924:ERROR:process_memory_win.cc(73)] ReadMemory at 0x1adf14f7880 of 60 bytes failed: Only part of a ReadProcessMemory or WriteProcessMemory request was completed. (0x12B)
[1105/171417.924:ERROR:process_memory_win.cc(73)] ReadMemory at 0x1adf14f78d0 of 60 bytes failed: Only part of a ReadProcessMemory or WriteProcessMemory request was completed. (0x12B)
[1105/171417.924:ERROR:process_memory_win.cc(73)] ReadMemory at 0x1adf14f7920 of 62 bytes failed: Only part of a ReadProcessMemory or WriteProcessMemory request was completed. (0x12B)
[1105/171417.924:ERROR:process_memory_win.cc(73)] ReadMemory at 0x1adf14f7a10 of 58 bytes failed: Only part of a ReadProcessMemory or WriteProcessMemory request was completed. (0x12B)
[1105/171417.924:ERROR:process_memory_win.cc(73)] ReadMemory at 0x1adf14f7ab0 of 64 bytes failed: Only part of a ReadProcessMemory or WriteProcessMemory request was completed. (0x12B)
[1105/171417.924:ERROR:process_memory_win.cc(73)] ReadMemory at 0x1adf14f7b50 of 62 bytes failed: Only part of a ReadProcessMemory or WriteProcessMemory request was completed. (0x12B)
[1105/171417.924:ERROR:process_memory_win.cc(73)] ReadMemory at 0x1adf14f7ba0 of 64 bytes failed: Only part of a ReadProcessMemory or WriteProcessMemory request was completed. (0x12B)
[1105/171417.924:ERROR:process_memory_win.cc(73)] ReadMemory at 0x1adf14f90b0 of 132 bytes failed: Only part of a ReadProcessMemory or WriteProcessMemory request was completed. (0x12B)
[1105/171417.924:ERROR:process_memory_win.cc(73)] ReadMemory at 0x1adf14f91e0 of 132 bytes failed: Only part of a ReadProcessMemory or WriteProcessMemory request was completed. (0x12B)
[1105/171417.924:ERROR:process_memory_win.cc(73)] ReadMemory at 0x1adf14f9ee0 of 132 bytes failed: Only part of a ReadProcessMemory or WriteProcessMemory request was completed. (0x12B)
[1105/171417.924:ERROR:process_memory_win.cc(73)] ReadMemory at 0x1adf14fae30 of 134 bytes failed: Only part of a ReadProcessMemory or WriteProcessMemory request was completed. (0x12B)
[1105/171418.002:ERROR:process_memory_win.cc(73)] ReadMemory at 0x1adf14fd390 of 80 bytes failed: Only part of a ReadProcessMemory or WriteProcessMemory request was completed. (0x12B)
[1105/171418.002:ERROR:process_memory_win.cc(73)] ReadMemory at 0x1adf14fde10 of 80 bytes failed: Only part of a ReadProcessMemory or WriteProcessMemory request was completed. (0x12B)
[1105/171418.190:ERROR:process_memory_win.cc(73)] ReadMemory at 0x1adf1500030 of 132 bytes failed: Only part of a ReadProcessMemory or WriteProcessMemory request was completed. (0x12B)
[1105/171418.190:ERROR:process_memory_win.cc(73)] ReadMemory at 0x1adf1501200 of 132 bytes failed: Only part of a ReadProcessMemory or WriteProcessMemory request was completed. (0x12B)
[1105/171418.190:ERROR:process_memory_win.cc(73)] ReadMemory at 0x1adf1501a50 of 132 bytes failed: Only part of a ReadProcessMemory or WriteProcessMemory request was completed. (0x12B)
[1105/171418.190:ERROR:process_memory_win.cc(73)] ReadMemory at 0x1adf15134b0 of 60 bytes failed: Only part of a ReadProcessMemory or WriteProcessMemory request was completed. (0x12B)
[1105/171418.190:ERROR:process_memory_win.cc(73)] ReadMemory at 0x1adf154aca0 of 512 bytes failed: Only part of a ReadProcessMemory or WriteProcessMemory request was completed. (0x12B)
[1105/171418.190:ERROR:process_memory_win.cc(73)] ReadMemory at 0x1adf1556d60 of 512 bytes failed: Only part of a ReadProcessMemory or WriteProcessMemory request was completed. (0x12B)
[1105/171418.221:ERROR:process_memory_win.cc(73)] ReadMemory at 0x1adf155f6d0 of 512 bytes failed: Only part of a ReadProcessMemory or WriteProcessMemory request was completed. (0x12B)
[1105/171418.439:ERROR:process_memory_win.cc(73)] ReadMemory at 0x1adf15767c0 of 712 bytes failed: Only part of a ReadProcessMemory or WriteProcessMemory request was completed. (0x12B)
[1105/171418.439:ERROR:process_memory_win.cc(73)] ReadMemory at 0x1adf1581f70 of 512 bytes failed: Only part of a ReadProcessMemory or WriteProcessMemory request was completed. (0x12B)
[1105/171418.439:ERROR:process_memory_win.cc(73)] ReadMemory at 0x1adf1585e40 of 512 bytes failed: Only part of a ReadProcessMemory or WriteProcessMemory request was completed. (0x12B)
[1105/171418.439:ERROR:process_memory_win.cc(73)] ReadMemory at 0x1adf2dd0000 of 384 bytes failed: Only part of a ReadProcessMemory or WriteProcessMemory request was completed. (0x12B)
[1105/171418.439:ERROR:process_memory_win.cc(73)] ReadMemory at 0x1adf2de7470 of 512 bytes failed: Only part of a ReadProcessMemory or WriteProcessMemory request was completed. (0x12B)
[1105/171418.518:ERROR:process_memory_win.cc(73)] ReadMemory at 0x1adf2e46080 of 512 bytes failed: Only part of a ReadProcessMemory or WriteProcessMemory request was completed. (0x12B)
[1105/171418.518:ERROR:process_memory_win.cc(73)] ReadMemory at 0x1adf351ae50 of 512 bytes failed: Only part of a ReadProcessMemory or WriteProcessMemory request was completed. (0x12B)
[1105/171418.518:ERROR:process_memory_win.cc(73)] ReadMemory at 0x1d1b00000000 of 384 bytes failed: Only part of a ReadProcessMemory or WriteProcessMemory request was completed. (0x12B)
[1105/171419.137:ERROR:process_memory_win.cc(73)] ReadMemory at 0x1d1b080420bd of 512 bytes failed: Only part of a ReadProcessMemory or WriteProcessMemory request was completed. (0x12B)
[1105/171419.137:ERROR:process_memory_win.cc(73)] ReadMemory at 0x1d1b080422d1 of 512 bytes failed: Only part of a ReadProcessMemory or WriteProcessMemory request was completed. (0x12B)
[1105/171419.168:ERROR:process_memory_win.cc(73)] ReadMemory at 0x1d1b0935b47d of 512 bytes failed: Only part of a ReadProcessMemory or WriteProcessMemory request was completed. (0x12B)
[1105/171419.168:ERROR:process_memory_win.cc(73)] ReadMemory at 0x1d1b27f00090 of 512 bytes failed: Only part of a ReadProcessMemory or WriteProcessMemory request was completed. (0x12B)
[1105/171419.206:ERROR:process_memory_win.cc(73)] ReadMemory at 0x1d1b32e00090 of 512 bytes failed: Only part of a ReadProcessMemory or WriteProcessMemory request was completed. (0x12B)
[1105/171419.206:ERROR:process_memory_win.cc(73)] ReadMemory at 0x1d1b32ec0090 of 512 bytes failed: Only part of a ReadProcessMemory or WriteProcessMemory request was completed. (0x12B)
[1105/171419.206:ERROR:process_memory_win.cc(73)] ReadMemory at 0x1d1b32f00090 of 512 bytes failed: Only part of a ReadProcessMemory or WriteProcessMemory request was completed. (0x12B)
[1105/171419.206:ERROR:process_memory_win.cc(73)] ReadMemory at 0x1d1b4723ff80 of 512 bytes failed: Only part of a ReadProcessMemory or WriteProcessMemory request was completed. (0x12B)
[1105/171419.206:ERROR:process_memory_win.cc(73)] ReadMemory at 0x1d1b4725f65c of 525 bytes failed: Only part of a ReadProcessMemory or WriteProcessMemory request was completed. (0x12B)
[1105/171419.206:ERROR:process_memory_win.cc(73)] ReadMemory at 0x1d1b4727ff80 of 512 bytes failed: Only part of a ReadProcessMemory or WriteProcessMemory request was completed. (0x12B)
[1105/171419.438:ERROR:process_memory_win.cc(73)] ReadMemory at 0x1d1b472a6afc of 653 bytes failed: Only part of a ReadProcessMemory or WriteProcessMemory request was completed. (0x12B)
[1105/171419.438:ERROR:process_memory_win.cc(73)] ReadMemory at 0x1d1b472d00e0 of 524 bytes failed: Only part of a ReadProcessMemory or WriteProcessMemory request was completed. (0x12B)
[1105/171419.438:ERROR:process_memory_win.cc(73)] ReadMemory at 0x1d1b473226a4 of 652 bytes failed: Only part of a ReadProcessMemory or WriteProcessMemory request was completed. (0x12B)
[1105/171419.507:ERROR:process_memory_win.cc(73)] ReadMemory at 0x7fff59a55977 of 782 bytes failed: Only part of a ReadProcessMemory or WriteProcessMemory request was completed. (0x12B)
[1105/171419.507:ERROR:process_memory_win.cc(73)] ReadMemory at 0x7fff72f15810 of 512 bytes failed: Only part of a ReadProcessMemory or WriteProcessMemory request was completed. (0x12B)
[1105/171419.507:ERROR:process_memory_win.cc(73)] ReadMemory at 0x7fff72f15ed7 of 512 bytes failed: Only part of a ReadProcessMemory or WriteProcessMemory request was completed. (0x12B)
[1105/171419.507:ERROR:process_memory_win.cc(73)] ReadMemory at 0x7fffad4a49f0 of 512 bytes failed: Only part of a ReadProcessMemory or WriteProcessMemory request was completed. (0x12B)
[1105/171419.507:ERROR:process_memory_win.cc(73)] ReadMemory at 0x7fffadbebdc4 of 672 bytes failed: Only part of a ReadProcessMemory or WriteProcessMemory request was completed. (0x12B)
[1105/171419.507:ERROR:process_memory_win.cc(73)] ReadMemory at 0x7fffadbef734 of 608 bytes failed: Only part of a ReadProcessMemory or WriteProcessMemory request was completed. (0x12B)
[1105/171419.507:ERROR:process_memory_win.cc(73)] ReadMemory at 0x7fffadc806e0 of 18 bytes failed: Only part of a ReadProcessMemory or WriteProcessMemory request was completed. (0x12B)
[1105/171419.507:ERROR:process_memory_win.cc(73)] ReadMemory at 0x7fffadcb44f8 of 40 bytes failed: Only part of a ReadProcessMemory or WriteProcessMemory request was completed. (0x12B)
[1105/171419.507:ERROR:process_memory_win.cc(73)] ReadMemory at 0x7fffadcb4978 of 48 bytes failed: Only part of a ReadProcessMemory or WriteProcessMemory request was completed. (0x12B)
[1105/171419.507:ERROR:process_memory_win.cc(73)] ReadMemory at 0x7fffadcba4c0 of 64 bytes failed: Only part of a ReadProcessMemory or WriteProcessMemory request was completed. (0x12B)
[1105/171419.707:ERROR:scoped_process_suspend.cc(40)] NtResumeProcess: An attempt was made to access an exiting process. (0xc000010a)
[1105/175520.021:ERROR:crash_report_database_win.cc(457)] unexpected header
[1105/180520.031:ERROR:crash_report_database_win.cc(457)] unexpected header
[1105/180520.078:ERROR:directory_reader_win.cc(43)] FindFirstFile: The system cannot find the path specified. (0x3)
[1105/180520.078:ERROR:crash_report_database_win.cc(457)] unexpected header
[1105/180520.078:ERROR:crash_report_database_win.cc(457)] unexpected header
[1105/181020.272:ERROR:crash_report_database_win.cc(457)] unexpected header
[1105/182520.280:ERROR:crash_report_database_win.cc(457)] unexpected header
[1105/184020.283:ERROR:crash_report_database_win.cc(457)] unexpected header
[1105/185521.319:ERROR:crash_report_database_win.cc(457)] unexpected header
[1105/191021.707:ERROR:crash_report_database_win.cc(457)] unexpected header
[1105/192522.018:ERROR:crash_report_database_win.cc(457)] unexpected header
[1105/194022.027:ERROR:crash_report_database_win.cc(457)] unexpected header
[1105/195522.028:ERROR:crash_report_database_win.cc(457)] unexpected header
[1105/201022.042:ERROR:crash_report_database_win.cc(457)] unexpected header
[1105/202522.101:ERROR:crash_report_database_win.cc(457)] unexpected header
[1105/204022.110:ERROR:crash_report_database_win.cc(457)] unexpected header
[1105/205522.111:ERROR:crash_report_database_win.cc(457)] unexpected header
[1105/211022.131:ERROR:crash_report_database_win.cc(457)] unexpected header
[1105/212522.146:ERROR:crash_report_database_win.cc(457)] unexpected header
[1105/214022.158:ERROR:crash_report_database_win.cc(457)] unexpected header
[1105/215538.891:ERROR:crash_report_database_win.cc(457)] unexpected header
[1105/221039.021:ERROR:crash_report_database_win.cc(457)] unexpected header
[1105/222539.152:ERROR:crash_report_database_win.cc(457)] unexpected header
[1105/224039.404:ERROR:crash_report_database_win.cc(457)] unexpected header
[1105/225539.553:ERROR:crash_report_database_win.cc(457)] unexpected header
[1105/231039.669:ERROR:crash_report_database_win.cc(457)] unexpected header
[1105/232539.758:ERROR:crash_report_database_win.cc(457)] unexpected header
[1105/234039.799:ERROR:crash_report_database_win.cc(457)] unexpected header
[1105/235539.805:ERROR:crash_report_database_win.cc(457)] unexpected header
[1106/070600.449:ERROR:crash_report_database_win.cc(457)] unexpected header
[1106/071600.496:ERROR:crash_report_database_win.cc(457)] unexpected header
[1106/071600.526:ERROR:directory_reader_win.cc(43)] FindFirstFile: The system cannot find the path specified. (0x3)
[1106/071600.526:ERROR:crash_report_database_win.cc(457)] unexpected header
[1106/071600.526:ERROR:crash_report_database_win.cc(457)] unexpected header
[1106/072100.612:ERROR:crash_report_database_win.cc(457)] unexpected header
[1106/073601.073:ERROR:crash_report_database_win.cc(457)] unexpected header
[1106/075101.078:ERROR:crash_report_database_win.cc(457)] unexpected header
[1106/080601.097:ERROR:crash_report_database_win.cc(457)] unexpected header
[1106/082101.145:ERROR:crash_report_database_win.cc(457)] unexpected header
[1106/083601.157:ERROR:crash_report_database_win.cc(457)] unexpected header
[1106/085101.164:ERROR:crash_report_database_win.cc(457)] unexpected header
[1106/090601.173:ERROR:crash_report_database_win.cc(457)] unexpected header
[1106/092101.175:ERROR:crash_report_database_win.cc(457)] unexpected header
[1106/093601.182:ERROR:crash_report_database_win.cc(457)] unexpected header
[1106/095101.263:ERROR:crash_report_database_win.cc(457)] unexpected header
[1106/100601.263:ERROR:crash_report_database_win.cc(457)] unexpected header
[1106/102101.269:ERROR:crash_report_database_win.cc(457)] unexpected header
[1106/103601.271:ERROR:crash_report_database_win.cc(457)] unexpected header
[1106/105101.279:ERROR:crash_report_database_win.cc(457)] unexpected header
[1106/110601.351:ERROR:crash_report_database_win.cc(457)] unexpected header
[1106/112101.429:ERROR:crash_report_database_win.cc(457)] unexpected header
[1106/113601.431:ERROR:crash_report_database_win.cc(457)] unexpected header
[1106/115101.495:ERROR:crash_report_database_win.cc(457)] unexpected header
[1106/120601.582:ERROR:crash_report_database_win.cc(457)] unexpected header
[1106/122101.613:ERROR:crash_report_database_win.cc(457)] unexpected header
[1106/123601.661:ERROR:crash_report_database_win.cc(457)] unexpected header
[1106/125101.663:ERROR:crash_report_database_win.cc(457)] unexpected header
[1106/130601.664:ERROR:crash_report_database_win.cc(457)] unexpected header
[1106/132101.666:ERROR:crash_report_database_win.cc(457)] unexpected header
[1106/144613.625:ERROR:crash_report_database_win.cc(457)] unexpected header
[1106/145613.677:ERROR:crash_report_database_win.cc(457)] unexpected header
[1106/145613.687:ERROR:directory_reader_win.cc(43)] FindFirstFile: The system cannot find the path specified. (0x3)
[1106/145613.687:ERROR:crash_report_database_win.cc(457)] unexpected header
[1106/145613.687:ERROR:crash_report_database_win.cc(457)] unexpected header
[1106/150113.775:ERROR:crash_report_database_win.cc(457)] unexpected header
[1106/151613.786:ERROR:crash_report_database_win.cc(457)] unexpected header
[1106/153113.801:ERROR:crash_report_database_win.cc(457)] unexpected header
[1106/154613.823:ERROR:crash_report_database_win.cc(457)] unexpected header
[1106/161614.438:ERROR:crash_report_database_win.cc(457)] unexpected header
[1106/162614.564:ERROR:crash_report_database_win.cc(457)] unexpected header
[1106/162614.682:ERROR:directory_reader_win.cc(43)] FindFirstFile: The system cannot find the path specified. (0x3)
[1106/162614.684:ERROR:crash_report_database_win.cc(457)] unexpected header
[1106/162614.684:ERROR:crash_report_database_win.cc(457)] unexpected header
[1106/115536.994:ERROR:crash_report_database_win.cc(457)] unexpected header
[1106/171037.378:ERROR:crash_report_database_win.cc(457)] unexpected header
[1106/171107.341:ERROR:crash_report_database_win.cc(457)] unexpected header
[1106/180124.277:ERROR:crash_report_database_win.cc(457)] unexpected header
[1107/071352.698:ERROR:crash_report_database_win.cc(457)] unexpected header
[1107/081743.600:ERROR:crash_report_database_win.cc(457)] unexpected header
[1107/084044.069:ERROR:crash_report_database_win.cc(457)] unexpected header
[1107/142701.791:ERROR:crash_report_database_win.cc(457)] unexpected header
[1107/175528.655:ERROR:crash_report_database_win.cc(457)] unexpected header
[1108/113100.897:ERROR:crash_report_database_win.cc(457)] unexpected header
[1108/142453.748:ERROR:crash_report_database_win.cc(457)] unexpected header
[1108/143453.799:ERROR:crash_report_database_win.cc(457)] unexpected header
[1108/143453.847:ERROR:directory_reader_win.cc(43)] FindFirstFile: The system cannot find the path specified. (0x3)
[1108/143453.847:ERROR:crash_report_database_win.cc(457)] unexpected header
[1108/143453.847:ERROR:crash_report_database_win.cc(457)] unexpected header
[1108/143953.858:ERROR:crash_report_database_win.cc(457)] unexpected header
[1108/145453.947:ERROR:crash_report_database_win.cc(457)] unexpected header
[1108/150953.959:ERROR:crash_report_database_win.cc(457)] unexpected header
[1108/152455.800:ERROR:crash_report_database_win.cc(457)] unexpected header
[1108/153955.815:ERROR:crash_report_database_win.cc(457)] unexpected header
[1108/155455.822:ERROR:crash_report_database_win.cc(457)] unexpected header
[1108/164414.539:ERROR:crash_report_database_win.cc(457)] unexpected header
[1108/165914.574:ERROR:crash_report_database_win.cc(457)] unexpected header
[1108/171414.594:ERROR:crash_report_database_win.cc(457)] unexpected header
[1108/171450.154:ERROR:crash_report_database_win.cc(457)] unexpected header
[1108/172914.605:ERROR:crash_report_database_win.cc(457)] unexpected header
[1108/174415.704:ERROR:crash_report_database_win.cc(457)] unexpected header
[1108/175554.913:ERROR:crash_report_database_win.cc(457)] unexpected header
[1108/175915.824:ERROR:crash_report_database_win.cc(457)] unexpected header
[1108/181416.501:ERROR:crash_report_database_win.cc(457)] unexpected header
[1108/182125.012:ERROR:crash_report_database_win.cc(457)] unexpected header
[1108/182916.531:ERROR:crash_report_database_win.cc(457)] unexpected header
[1108/184416.624:ERROR:crash_report_database_win.cc(457)] unexpected header
[1108/185916.699:ERROR:crash_report_database_win.cc(457)] unexpected header
[1108/191416.708:ERROR:crash_report_database_win.cc(457)] unexpected header
[1108/192916.718:ERROR:crash_report_database_win.cc(457)] unexpected header
[1108/194416.728:ERROR:crash_report_database_win.cc(457)] unexpected header
[1108/195916.790:ERROR:crash_report_database_win.cc(457)] unexpected header
[1108/201823.202:ERROR:crash_report_database_win.cc(457)] unexpected header
[1109/000653.967:ERROR:crash_report_database_win.cc(457)] unexpected header
[1109/065434.711:ERROR:crash_report_database_win.cc(457)] unexpected header
[1109/070434.784:ERROR:crash_report_database_win.cc(457)] unexpected header
[1109/070434.784:ERROR:directory_reader_win.cc(43)] FindFirstFile: The system cannot find the path specified. (0x3)
[1109/070434.784:ERROR:crash_report_database_win.cc(457)] unexpected header
[1109/070434.784:ERROR:crash_report_database_win.cc(457)] unexpected header
[1109/070934.856:ERROR:crash_report_database_win.cc(457)] unexpected header
[1109/072434.923:ERROR:crash_report_database_win.cc(457)] unexpected header
[1109/073934.927:ERROR:crash_report_database_win.cc(457)] unexpected header
[1109/075434.985:ERROR:crash_report_database_win.cc(457)] unexpected header
[1109/080946.032:ERROR:crash_report_database_win.cc(457)] unexpected header
[1109/125129.663:ERROR:crash_report_database_win.cc(457)] unexpected header
[1110/064229.173:ERROR:crash_report_database_win.cc(457)] unexpected header
[1110/171010.424:ERROR:crash_report_database_win.cc(457)] unexpected header
[1112/040229.148:ERROR:directory_reader_win.cc(43)] FindFirstFile: The system cannot find the path specified. (0x3)
[1112/181341.210:ERROR:directory_reader_win.cc(43)] FindFirstFile: The system cannot find the path specified. (0x3)
[1113/064848.193:ERROR:directory_reader_win.cc(43)] FindFirstFile: The system cannot find the path specified. (0x3)
